<?xml version="1.0" encoding="UTF-8"?>
<!-- Generated by org.testng.reporters.JUnitXMLReporter -->
<testsuite ignored="8" hostname="HP" failures="0" tests="0" time="0.015" errors="0" timestamp="2021-05-03T16:24:25 CST">
  <testcase classname="DeleteStudentTest.DeleteStudentTest" name="deleteStudentTest" time="0.0">
    <ignored/>
  </testcase> <!-- deleteStudentTest -->
  <testcase classname="PostTeacherTest.PostStudentTest" name="postStudentTest" time="0.0">
    <ignored/>
  </testcase> <!-- postStudentTest -->
  <testcase classname="GetTeacherTest.GetTeacherTest" name="getAllTeacher" time="0.0">
    <ignored/>
  </testcase> <!-- getAllTeacher -->
  <testcase classname="PutTeacherTest.PutTeacherTest" name="putStudentTest" time="0.0">
    <ignored/>
  </testcase> <!-- putStudentTest -->
  <testcase classname="GetStudentTest.GetStudentTest" name="getAllStudent" time="0.0">
    <ignored/>
  </testcase> <!-- getAllStudent -->
  <testcase classname="PostStudentTest.PostStudentTest" name="postStudentTest" time="0.0">
    <ignored/>
  </testcase> <!-- postStudentTest -->
  <testcase classname="PutStudentTest.PutStudentTest" name="putStudentTest" time="0.0">
    <ignored/>
  </testcase> <!-- putStudentTest -->
  <testcase classname="DeleteTeacherTest.DeleteTeacherTest" name="deleteTeacherTest" time="0.0">
    <ignored/>
  </testcase> <!-- deleteTeacherTest -->
</testsuite>
