<?xml version="1.0" encoding="UTF-8"?>
<testng-results ignored="8" total="8" passed="0" failed="0" skipped="0">
  <reporter-output>
  </reporter-output>
  <suite started-at="2021-05-03T16:24:25 CST" name="Core-code Program TestSuite" finished-at="2021-05-03T16:24:25 CST" duration-ms="15">
    <groups>
    </groups>
    <test started-at="2021-05-03T16:24:25 CST" name="Test Cases" finished-at="2021-05-03T16:24:25 CST" duration-ms="15">
    </test> <!-- Test Cases -->
  </suite> <!-- Core-code Program TestSuite -->
</testng-results>
